<?xml version="1.0" encoding="UTF-8"?>
<testsuite xmlns:xsi="http://www.w3.org/2001/XMLSchema-instance" xsi:noNamespaceSchemaLocation="https://maven.apache.org/surefire/maven-surefire-plugin/xsd/surefire-test-report.xsd" name="com.zzc.HouseRentApplicationTests" time="2.422" tests="1" errors="0" skipped="0" failures="0">
  <properties>
    <property name="sun.desktop" value="windows"/>
    <property name="awt.toolkit" value="sun.awt.windows.WToolkit"/>
    <property name="file.encoding.pkg" value="sun.io"/>
    <property name="java.specification.version" value="1.8"/>
    <property name="sun.cpu.isalist" value="amd64"/>
    <property name="sun.jnu.encoding" value="GBK"/>
    <property name="java.class.path" value="C:\Users\赵智超\Desktop\houseAll\houseRent\target\test-classes;C:\Users\赵智超\Desktop\houseAll\houseRent\target\classes;E:\apache-maven-3.8.4-bin\apache-maven-3.8.4\mvn_resp\org\springframework\boot\spring-boot-starter-web\2.7.9-SNAPSHOT\spring-boot-starter-web-2.7.9-SNAPSHOT.jar;E:\apache-maven-3.8.4-bin\apache-maven-3.8.4\mvn_resp\org\springframework\boot\spring-boot-starter\2.7.9-SNAPSHOT\spring-boot-starter-2.7.9-SNAPSHOT.jar;E:\apache-maven-3.8.4-bin\apache-maven-3.8.4\mvn_resp\org\springframework\boot\spring-boot\2.7.9-SNAPSHOT\spring-boot-2.7.9-SNAPSHOT.jar;E:\apache-maven-3.8.4-bin\apache-maven-3.8.4\mvn_resp\org\springframework\boot\spring-boot-autoconfigure\2.7.9-SNAPSHOT\spring-boot-autoconfigure-2.7.9-SNAPSHOT.jar;E:\apache-maven-3.8.4-bin\apache-maven-3.8.4\mvn_resp\org\springframework\boot\spring-boot-starter-logging\2.7.9-SNAPSHOT\spring-boot-starter-logging-2.7.9-SNAPSHOT.jar;E:\apache-maven-3.8.4-bin\apache-maven-3.8.4\mvn_resp\ch\qos\logback\logback-classic\1.2.11\logback-classic-1.2.11.jar;E:\apache-maven-3.8.4-bin\apache-maven-3.8.4\mvn_resp\ch\qos\logback\logback-core\1.2.11\logback-core-1.2.11.jar;E:\apache-maven-3.8.4-bin\apache-maven-3.8.4\mvn_resp\org\apache\logging\log4j\log4j-to-slf4j\2.17.2\log4j-to-slf4j-2.17.2.jar;E:\apache-maven-3.8.4-bin\apache-maven-3.8.4\mvn_resp\org\apache\logging\log4j\log4j-api\2.17.2\log4j-api-2.17.2.jar;E:\apache-maven-3.8.4-bin\apache-maven-3.8.4\mvn_resp\org\slf4j\jul-to-slf4j\1.7.36\jul-to-slf4j-1.7.36.jar;E:\apache-maven-3.8.4-bin\apache-maven-3.8.4\mvn_resp\jakarta\annotation\jakarta.annotation-api\1.3.5\jakarta.annotation-api-1.3.5.jar;E:\apache-maven-3.8.4-bin\apache-maven-3.8.4\mvn_resp\org\yaml\snakeyaml\1.30\snakeyaml-1.30.jar;E:\apache-maven-3.8.4-bin\apache-maven-3.8.4\mvn_resp\org\springframework\boot\spring-boot-starter-json\2.7.9-SNAPSHOT\spring-boot-starter-json-2.7.9-SNAPSHOT.jar;E:\apache-maven-3.8.4-bin\apache-maven-3.8.4\mvn_resp\com\fasterxml\jackson\core\jackson-databind\2.13.4.2\jackson-databind-2.13.4.2.jar;E:\apache-maven-3.8.4-bin\apache-maven-3.8.4\mvn_resp\com\fasterxml\jackson\core\jackson-annotations\2.13.4\jackson-annotations-2.13.4.jar;E:\apache-maven-3.8.4-bin\apache-maven-3.8.4\mvn_resp\com\fasterxml\jackson\core\jackson-core\2.13.4\jackson-core-2.13.4.jar;E:\apache-maven-3.8.4-bin\apache-maven-3.8.4\mvn_resp\com\fasterxml\jackson\datatype\jackson-datatype-jdk8\2.13.4\jackson-datatype-jdk8-2.13.4.jar;E:\apache-maven-3.8.4-bin\apache-maven-3.8.4\mvn_resp\com\fasterxml\jackson\datatype\jackson-datatype-jsr310\2.13.4\jackson-datatype-jsr310-2.13.4.jar;E:\apache-maven-3.8.4-bin\apache-maven-3.8.4\mvn_resp\com\fasterxml\jackson\module\jackson-module-parameter-names\2.13.4\jackson-module-parameter-names-2.13.4.jar;E:\apache-maven-3.8.4-bin\apache-maven-3.8.4\mvn_resp\org\springframework\boot\spring-boot-starter-tomcat\2.7.9-SNAPSHOT\spring-boot-starter-tomcat-2.7.9-SNAPSHOT.jar;E:\apache-maven-3.8.4-bin\apache-maven-3.8.4\mvn_resp\org\apache\tomcat\embed\tomcat-embed-core\9.0.71\tomcat-embed-core-9.0.71.jar;E:\apache-maven-3.8.4-bin\apache-maven-3.8.4\mvn_resp\org\apache\tomcat\embed\tomcat-embed-el\9.0.71\tomcat-embed-el-9.0.71.jar;E:\apache-maven-3.8.4-bin\apache-maven-3.8.4\mvn_resp\org\apache\tomcat\embed\tomcat-embed-websocket\9.0.71\tomcat-embed-websocket-9.0.71.jar;E:\apache-maven-3.8.4-bin\apache-maven-3.8.4\mvn_resp\org\springframework\spring-web\5.3.25\spring-web-5.3.25.jar;E:\apache-maven-3.8.4-bin\apache-maven-3.8.4\mvn_resp\org\springframework\spring-beans\5.3.25\spring-beans-5.3.25.jar;E:\apache-maven-3.8.4-bin\apache-maven-3.8.4\mvn_resp\org\springframework\spring-webmvc\5.3.25\spring-webmvc-5.3.25.jar;E:\apache-maven-3.8.4-bin\apache-maven-3.8.4\mvn_resp\org\springframework\spring-aop\5.3.25\spring-aop-5.3.25.jar;E:\apache-maven-3.8.4-bin\apache-maven-3.8.4\mvn_resp\org\springframework\spring-context\5.3.25\spring-context-5.3.25.jar;E:\apache-maven-3.8.4-bin\apache-maven-3.8.4\mvn_resp\org\springframework\spring-expression\5.3.25\spring-expression-5.3.25.jar;E:\apache-maven-3.8.4-bin\apache-maven-3.8.4\mvn_resp\org\mybatis\spring\boot\mybatis-spring-boot-starter\2.3.0\mybatis-spring-boot-starter-2.3.0.jar;E:\apache-maven-3.8.4-bin\apache-maven-3.8.4\mvn_resp\org\springframework\boot\spring-boot-starter-jdbc\2.7.9-SNAPSHOT\spring-boot-starter-jdbc-2.7.9-SNAPSHOT.jar;E:\apache-maven-3.8.4-bin\apache-maven-3.8.4\mvn_resp\com\zaxxer\HikariCP\4.0.3\HikariCP-4.0.3.jar;E:\apache-maven-3.8.4-bin\apache-maven-3.8.4\mvn_resp\org\springframework\spring-jdbc\5.3.25\spring-jdbc-5.3.25.jar;E:\apache-maven-3.8.4-bin\apache-maven-3.8.4\mvn_resp\org\springframework\spring-tx\5.3.25\spring-tx-5.3.25.jar;E:\apache-maven-3.8.4-bin\apache-maven-3.8.4\mvn_resp\org\mybatis\spring\boot\mybatis-spring-boot-autoconfigure\2.3.0\mybatis-spring-boot-autoconfigure-2.3.0.jar;E:\apache-maven-3.8.4-bin\apache-maven-3.8.4\mvn_resp\org\mybatis\mybatis\3.5.11\mybatis-3.5.11.jar;E:\apache-maven-3.8.4-bin\apache-maven-3.8.4\mvn_resp\org\mybatis\mybatis-spring\2.1.0\mybatis-spring-2.1.0.jar;E:\apache-maven-3.8.4-bin\apache-maven-3.8.4\mvn_resp\com\mysql\mysql-connector-j\8.0.32\mysql-connector-j-8.0.32.jar;E:\apache-maven-3.8.4-bin\apache-maven-3.8.4\mvn_resp\com\alibaba\druid\1.2.8\druid-1.2.8.jar;E:\apache-maven-3.8.4-bin\apache-maven-3.8.4\mvn_resp\org\projectlombok\lombok\1.18.24\lombok-1.18.24.jar;E:\apache-maven-3.8.4-bin\apache-maven-3.8.4\mvn_resp\org\springframework\boot\spring-boot-starter-test\2.7.9-SNAPSHOT\spring-boot-starter-test-2.7.9-SNAPSHOT.jar;E:\apache-maven-3.8.4-bin\apache-maven-3.8.4\mvn_resp\org\springframework\boot\spring-boot-test\2.7.9-SNAPSHOT\spring-boot-test-2.7.9-SNAPSHOT.jar;E:\apache-maven-3.8.4-bin\apache-maven-3.8.4\mvn_resp\org\springframework\boot\spring-boot-test-autoconfigure\2.7.9-SNAPSHOT\spring-boot-test-autoconfigure-2.7.9-SNAPSHOT.jar;E:\apache-maven-3.8.4-bin\apache-maven-3.8.4\mvn_resp\com\jayway\jsonpath\json-path\2.7.0\json-path-2.7.0.jar;E:\apache-maven-3.8.4-bin\apache-maven-3.8.4\mvn_resp\net\minidev\json-smart\2.4.8\json-smart-2.4.8.jar;E:\apache-maven-3.8.4-bin\apache-maven-3.8.4\mvn_resp\net\minidev\accessors-smart\2.4.8\accessors-smart-2.4.8.jar;E:\apache-maven-3.8.4-bin\apache-maven-3.8.4\mvn_resp\org\ow2\asm\asm\9.1\asm-9.1.jar;E:\apache-maven-3.8.4-bin\apache-maven-3.8.4\mvn_resp\org\slf4j\slf4j-api\1.7.36\slf4j-api-1.7.36.jar;E:\apache-maven-3.8.4-bin\apache-maven-3.8.4\mvn_resp\jakarta\xml\bind\jakarta.xml.bind-api\2.3.3\jakarta.xml.bind-api-2.3.3.jar;E:\apache-maven-3.8.4-bin\apache-maven-3.8.4\mvn_resp\jakarta\activation\jakarta.activation-api\1.2.2\jakarta.activation-api-1.2.2.jar;E:\apache-maven-3.8.4-bin\apache-maven-3.8.4\mvn_resp\org\assertj\assertj-core\3.22.0\assertj-core-3.22.0.jar;E:\apache-maven-3.8.4-bin\apache-maven-3.8.4\mvn_resp\org\hamcrest\hamcrest\2.2\hamcrest-2.2.jar;E:\apache-maven-3.8.4-bin\apache-maven-3.8.4\mvn_resp\org\junit\jupiter\junit-jupiter\5.8.2\junit-jupiter-5.8.2.jar;E:\apache-maven-3.8.4-bin\apache-maven-3.8.4\mvn_resp\org\junit\jupiter\junit-jupiter-api\5.8.2\junit-jupiter-api-5.8.2.jar;E:\apache-maven-3.8.4-bin\apache-maven-3.8.4\mvn_resp\org\opentest4j\opentest4j\1.2.0\opentest4j-1.2.0.jar;E:\apache-maven-3.8.4-bin\apache-maven-3.8.4\mvn_resp\org\junit\platform\junit-platform-commons\1.8.2\junit-platform-commons-1.8.2.jar;E:\apache-maven-3.8.4-bin\apache-maven-3.8.4\mvn_resp\org\apiguardian\apiguardian-api\1.1.2\apiguardian-api-1.1.2.jar;E:\apache-maven-3.8.4-bin\apache-maven-3.8.4\mvn_resp\org\junit\jupiter\junit-jupiter-params\5.8.2\junit-jupiter-params-5.8.2.jar;E:\apache-maven-3.8.4-bin\apache-maven-3.8.4\mvn_resp\org\junit\jupiter\junit-jupiter-engine\5.8.2\junit-jupiter-engine-5.8.2.jar;E:\apache-maven-3.8.4-bin\apache-maven-3.8.4\mvn_resp\org\junit\platform\junit-platform-engine\1.8.2\junit-platform-engine-1.8.2.jar;E:\apache-maven-3.8.4-bin\apache-maven-3.8.4\mvn_resp\org\mockito\mockito-core\4.5.1\mockito-core-4.5.1.jar;E:\apache-maven-3.8.4-bin\apache-maven-3.8.4\mvn_resp\net\bytebuddy\byte-buddy\1.12.22\byte-buddy-1.12.22.jar;E:\apache-maven-3.8.4-bin\apache-maven-3.8.4\mvn_resp\net\bytebuddy\byte-buddy-agent\1.12.22\byte-buddy-agent-1.12.22.jar;E:\apache-maven-3.8.4-bin\apache-maven-3.8.4\mvn_resp\org\objenesis\objenesis\3.2\objenesis-3.2.jar;E:\apache-maven-3.8.4-bin\apache-maven-3.8.4\mvn_resp\org\mockito\mockito-junit-jupiter\4.5.1\mockito-junit-jupiter-4.5.1.jar;E:\apache-maven-3.8.4-bin\apache-maven-3.8.4\mvn_resp\org\skyscreamer\jsonassert\1.5.1\jsonassert-1.5.1.jar;E:\apache-maven-3.8.4-bin\apache-maven-3.8.4\mvn_resp\com\vaadin\external\google\android-json\0.0.20131108.vaadin1\android-json-0.0.20131108.vaadin1.jar;E:\apache-maven-3.8.4-bin\apache-maven-3.8.4\mvn_resp\org\springframework\spring-core\5.3.25\spring-core-5.3.25.jar;E:\apache-maven-3.8.4-bin\apache-maven-3.8.4\mvn_resp\org\springframework\spring-jcl\5.3.25\spring-jcl-5.3.25.jar;E:\apache-maven-3.8.4-bin\apache-maven-3.8.4\mvn_resp\org\springframework\spring-test\5.3.25\spring-test-5.3.25.jar;E:\apache-maven-3.8.4-bin\apache-maven-3.8.4\mvn_resp\org\xmlunit\xmlunit-core\2.9.1\xmlunit-core-2.9.1.jar;"/>
    <property name="java.vm.vendor" value="Oracle Corporation"/>
    <property name="sun.arch.data.model" value="64"/>
    <property name="user.variant" value=""/>
    <property name="java.vendor.url" value="http://java.oracle.com/"/>
    <property name="user.timezone" value="Asia/Shanghai"/>
    <property name="java.vm.specification.version" value="1.8"/>
    <property name="os.name" value="Windows 10"/>
    <property name="user.country" value="CN"/>
    <property name="sun.java.launcher" value="SUN_STANDARD"/>
    <property name="sun.boot.library.path" value="C:\JDK\jre\bin"/>
    <property name="sun.java.command" value="C:\Users\赵智超\AppData\Local\Temp\surefire8773158777715478248\surefirebooter3319619446104473097.jar C:\Users\赵智超\AppData\Local\Temp\surefire8773158777715478248 2023-02-03T10-21-16_355-jvmRun1 surefire3880797779770035391tmp surefire_08915907574727732296tmp"/>
    <property name="surefire.test.class.path" value="C:\Users\赵智超\Desktop\houseAll\houseRent\target\test-classes;C:\Users\赵智超\Desktop\houseAll\houseRent\target\classes;E:\apache-maven-3.8.4-bin\apache-maven-3.8.4\mvn_resp\org\springframework\boot\spring-boot-starter-web\2.7.9-SNAPSHOT\spring-boot-starter-web-2.7.9-SNAPSHOT.jar;E:\apache-maven-3.8.4-bin\apache-maven-3.8.4\mvn_resp\org\springframework\boot\spring-boot-starter\2.7.9-SNAPSHOT\spring-boot-starter-2.7.9-SNAPSHOT.jar;E:\apache-maven-3.8.4-bin\apache-maven-3.8.4\mvn_resp\org\springframework\boot\spring-boot\2.7.9-SNAPSHOT\spring-boot-2.7.9-SNAPSHOT.jar;E:\apache-maven-3.8.4-bin\apache-maven-3.8.4\mvn_resp\org\springframework\boot\spring-boot-autoconfigure\2.7.9-SNAPSHOT\spring-boot-autoconfigure-2.7.9-SNAPSHOT.jar;E:\apache-maven-3.8.4-bin\apache-maven-3.8.4\mvn_resp\org\springframework\boot\spring-boot-starter-logging\2.7.9-SNAPSHOT\spring-boot-starter-logging-2.7.9-SNAPSHOT.jar;E:\apache-maven-3.8.4-bin\apache-maven-3.8.4\mvn_resp\ch\qos\logback\logback-classic\1.2.11\logback-classic-1.2.11.jar;E:\apache-maven-3.8.4-bin\apache-maven-3.8.4\mvn_resp\ch\qos\logback\logback-core\1.2.11\logback-core-1.2.11.jar;E:\apache-maven-3.8.4-bin\apache-maven-3.8.4\mvn_resp\org\apache\logging\log4j\log4j-to-slf4j\2.17.2\log4j-to-slf4j-2.17.2.jar;E:\apache-maven-3.8.4-bin\apache-maven-3.8.4\mvn_resp\org\apache\logging\log4j\log4j-api\2.17.2\log4j-api-2.17.2.jar;E:\apache-maven-3.8.4-bin\apache-maven-3.8.4\mvn_resp\org\slf4j\jul-to-slf4j\1.7.36\jul-to-slf4j-1.7.36.jar;E:\apache-maven-3.8.4-bin\apache-maven-3.8.4\mvn_resp\jakarta\annotation\jakarta.annotation-api\1.3.5\jakarta.annotation-api-1.3.5.jar;E:\apache-maven-3.8.4-bin\apache-maven-3.8.4\mvn_resp\org\yaml\snakeyaml\1.30\snakeyaml-1.30.jar;E:\apache-maven-3.8.4-bin\apache-maven-3.8.4\mvn_resp\org\springframework\boot\spring-boot-starter-json\2.7.9-SNAPSHOT\spring-boot-starter-json-2.7.9-SNAPSHOT.jar;E:\apache-maven-3.8.4-bin\apache-maven-3.8.4\mvn_resp\com\fasterxml\jackson\core\jackson-databind\2.13.4.2\jackson-databind-2.13.4.2.jar;E:\apache-maven-3.8.4-bin\apache-maven-3.8.4\mvn_resp\com\fasterxml\jackson\core\jackson-annotations\2.13.4\jackson-annotations-2.13.4.jar;E:\apache-maven-3.8.4-bin\apache-maven-3.8.4\mvn_resp\com\fasterxml\jackson\core\jackson-core\2.13.4\jackson-core-2.13.4.jar;E:\apache-maven-3.8.4-bin\apache-maven-3.8.4\mvn_resp\com\fasterxml\jackson\datatype\jackson-datatype-jdk8\2.13.4\jackson-datatype-jdk8-2.13.4.jar;E:\apache-maven-3.8.4-bin\apache-maven-3.8.4\mvn_resp\com\fasterxml\jackson\datatype\jackson-datatype-jsr310\2.13.4\jackson-datatype-jsr310-2.13.4.jar;E:\apache-maven-3.8.4-bin\apache-maven-3.8.4\mvn_resp\com\fasterxml\jackson\module\jackson-module-parameter-names\2.13.4\jackson-module-parameter-names-2.13.4.jar;E:\apache-maven-3.8.4-bin\apache-maven-3.8.4\mvn_resp\org\springframework\boot\spring-boot-starter-tomcat\2.7.9-SNAPSHOT\spring-boot-starter-tomcat-2.7.9-SNAPSHOT.jar;E:\apache-maven-3.8.4-bin\apache-maven-3.8.4\mvn_resp\org\apache\tomcat\embed\tomcat-embed-core\9.0.71\tomcat-embed-core-9.0.71.jar;E:\apache-maven-3.8.4-bin\apache-maven-3.8.4\mvn_resp\org\apache\tomcat\embed\tomcat-embed-el\9.0.71\tomcat-embed-el-9.0.71.jar;E:\apache-maven-3.8.4-bin\apache-maven-3.8.4\mvn_resp\org\apache\tomcat\embed\tomcat-embed-websocket\9.0.71\tomcat-embed-websocket-9.0.71.jar;E:\apache-maven-3.8.4-bin\apache-maven-3.8.4\mvn_resp\org\springframework\spring-web\5.3.25\spring-web-5.3.25.jar;E:\apache-maven-3.8.4-bin\apache-maven-3.8.4\mvn_resp\org\springframework\spring-beans\5.3.25\spring-beans-5.3.25.jar;E:\apache-maven-3.8.4-bin\apache-maven-3.8.4\mvn_resp\org\springframework\spring-webmvc\5.3.25\spring-webmvc-5.3.25.jar;E:\apache-maven-3.8.4-bin\apache-maven-3.8.4\mvn_resp\org\springframework\spring-aop\5.3.25\spring-aop-5.3.25.jar;E:\apache-maven-3.8.4-bin\apache-maven-3.8.4\mvn_resp\org\springframework\spring-context\5.3.25\spring-context-5.3.25.jar;E:\apache-maven-3.8.4-bin\apache-maven-3.8.4\mvn_resp\org\springframework\spring-expression\5.3.25\spring-expression-5.3.25.jar;E:\apache-maven-3.8.4-bin\apache-maven-3.8.4\mvn_resp\org\mybatis\spring\boot\mybatis-spring-boot-starter\2.3.0\mybatis-spring-boot-starter-2.3.0.jar;E:\apache-maven-3.8.4-bin\apache-maven-3.8.4\mvn_resp\org\springframework\boot\spring-boot-starter-jdbc\2.7.9-SNAPSHOT\spring-boot-starter-jdbc-2.7.9-SNAPSHOT.jar;E:\apache-maven-3.8.4-bin\apache-maven-3.8.4\mvn_resp\com\zaxxer\HikariCP\4.0.3\HikariCP-4.0.3.jar;E:\apache-maven-3.8.4-bin\apache-maven-3.8.4\mvn_resp\org\springframework\spring-jdbc\5.3.25\spring-jdbc-5.3.25.jar;E:\apache-maven-3.8.4-bin\apache-maven-3.8.4\mvn_resp\org\springframework\spring-tx\5.3.25\spring-tx-5.3.25.jar;E:\apache-maven-3.8.4-bin\apache-maven-3.8.4\mvn_resp\org\mybatis\spring\boot\mybatis-spring-boot-autoconfigure\2.3.0\mybatis-spring-boot-autoconfigure-2.3.0.jar;E:\apache-maven-3.8.4-bin\apache-maven-3.8.4\mvn_resp\org\mybatis\mybatis\3.5.11\mybatis-3.5.11.jar;E:\apache-maven-3.8.4-bin\apache-maven-3.8.4\mvn_resp\org\mybatis\mybatis-spring\2.1.0\mybatis-spring-2.1.0.jar;E:\apache-maven-3.8.4-bin\apache-maven-3.8.4\mvn_resp\com\mysql\mysql-connector-j\8.0.32\mysql-connector-j-8.0.32.jar;E:\apache-maven-3.8.4-bin\apache-maven-3.8.4\mvn_resp\com\alibaba\druid\1.2.8\druid-1.2.8.jar;E:\apache-maven-3.8.4-bin\apache-maven-3.8.4\mvn_resp\org\projectlombok\lombok\1.18.24\lombok-1.18.24.jar;E:\apache-maven-3.8.4-bin\apache-maven-3.8.4\mvn_resp\org\springframework\boot\spring-boot-starter-test\2.7.9-SNAPSHOT\spring-boot-starter-test-2.7.9-SNAPSHOT.jar;E:\apache-maven-3.8.4-bin\apache-maven-3.8.4\mvn_resp\org\springframework\boot\spring-boot-test\2.7.9-SNAPSHOT\spring-boot-test-2.7.9-SNAPSHOT.jar;E:\apache-maven-3.8.4-bin\apache-maven-3.8.4\mvn_resp\org\springframework\boot\spring-boot-test-autoconfigure\2.7.9-SNAPSHOT\spring-boot-test-autoconfigure-2.7.9-SNAPSHOT.jar;E:\apache-maven-3.8.4-bin\apache-maven-3.8.4\mvn_resp\com\jayway\jsonpath\json-path\2.7.0\json-path-2.7.0.jar;E:\apache-maven-3.8.4-bin\apache-maven-3.8.4\mvn_resp\net\minidev\json-smart\2.4.8\json-smart-2.4.8.jar;E:\apache-maven-3.8.4-bin\apache-maven-3.8.4\mvn_resp\net\minidev\accessors-smart\2.4.8\accessors-smart-2.4.8.jar;E:\apache-maven-3.8.4-bin\apache-maven-3.8.4\mvn_resp\org\ow2\asm\asm\9.1\asm-9.1.jar;E:\apache-maven-3.8.4-bin\apache-maven-3.8.4\mvn_resp\org\slf4j\slf4j-api\1.7.36\slf4j-api-1.7.36.jar;E:\apache-maven-3.8.4-bin\apache-maven-3.8.4\mvn_resp\jakarta\xml\bind\jakarta.xml.bind-api\2.3.3\jakarta.xml.bind-api-2.3.3.jar;E:\apache-maven-3.8.4-bin\apache-maven-3.8.4\mvn_resp\jakarta\activation\jakarta.activation-api\1.2.2\jakarta.activation-api-1.2.2.jar;E:\apache-maven-3.8.4-bin\apache-maven-3.8.4\mvn_resp\org\assertj\assertj-core\3.22.0\assertj-core-3.22.0.jar;E:\apache-maven-3.8.4-bin\apache-maven-3.8.4\mvn_resp\org\hamcrest\hamcrest\2.2\hamcrest-2.2.jar;E:\apache-maven-3.8.4-bin\apache-maven-3.8.4\mvn_resp\org\junit\jupiter\junit-jupiter\5.8.2\junit-jupiter-5.8.2.jar;E:\apache-maven-3.8.4-bin\apache-maven-3.8.4\mvn_resp\org\junit\jupiter\junit-jupiter-api\5.8.2\junit-jupiter-api-5.8.2.jar;E:\apache-maven-3.8.4-bin\apache-maven-3.8.4\mvn_resp\org\opentest4j\opentest4j\1.2.0\opentest4j-1.2.0.jar;E:\apache-maven-3.8.4-bin\apache-maven-3.8.4\mvn_resp\org\junit\platform\junit-platform-commons\1.8.2\junit-platform-commons-1.8.2.jar;E:\apache-maven-3.8.4-bin\apache-maven-3.8.4\mvn_resp\org\apiguardian\apiguardian-api\1.1.2\apiguardian-api-1.1.2.jar;E:\apache-maven-3.8.4-bin\apache-maven-3.8.4\mvn_resp\org\junit\jupiter\junit-jupiter-params\5.8.2\junit-jupiter-params-5.8.2.jar;E:\apache-maven-3.8.4-bin\apache-maven-3.8.4\mvn_resp\org\junit\jupiter\junit-jupiter-engine\5.8.2\junit-jupiter-engine-5.8.2.jar;E:\apache-maven-3.8.4-bin\apache-maven-3.8.4\mvn_resp\org\junit\platform\junit-platform-engine\1.8.2\junit-platform-engine-1.8.2.jar;E:\apache-maven-3.8.4-bin\apache-maven-3.8.4\mvn_resp\org\mockito\mockito-core\4.5.1\mockito-core-4.5.1.jar;E:\apache-maven-3.8.4-bin\apache-maven-3.8.4\mvn_resp\net\bytebuddy\byte-buddy\1.12.22\byte-buddy-1.12.22.jar;E:\apache-maven-3.8.4-bin\apache-maven-3.8.4\mvn_resp\net\bytebuddy\byte-buddy-agent\1.12.22\byte-buddy-agent-1.12.22.jar;E:\apache-maven-3.8.4-bin\apache-maven-3.8.4\mvn_resp\org\objenesis\objenesis\3.2\objenesis-3.2.jar;E:\apache-maven-3.8.4-bin\apache-maven-3.8.4\mvn_resp\org\mockito\mockito-junit-jupiter\4.5.1\mockito-junit-jupiter-4.5.1.jar;E:\apache-maven-3.8.4-bin\apache-maven-3.8.4\mvn_resp\org\skyscreamer\jsonassert\1.5.1\jsonassert-1.5.1.jar;E:\apache-maven-3.8.4-bin\apache-maven-3.8.4\mvn_resp\com\vaadin\external\google\android-json\0.0.20131108.vaadin1\android-json-0.0.20131108.vaadin1.jar;E:\apache-maven-3.8.4-bin\apache-maven-3.8.4\mvn_resp\org\springframework\spring-core\5.3.25\spring-core-5.3.25.jar;E:\apache-maven-3.8.4-bin\apache-maven-3.8.4\mvn_resp\org\springframework\spring-jcl\5.3.25\spring-jcl-5.3.25.jar;E:\apache-maven-3.8.4-bin\apache-maven-3.8.4\mvn_resp\org\springframework\spring-test\5.3.25\spring-test-5.3.25.jar;E:\apache-maven-3.8.4-bin\apache-maven-3.8.4\mvn_resp\org\xmlunit\xmlunit-core\2.9.1\xmlunit-core-2.9.1.jar;"/>
    <property name="sun.cpu.endian" value="little"/>
    <property name="user.home" value="C:\Users\赵智超"/>
    <property name="user.language" value="zh"/>
    <property name="java.specification.vendor" value="Oracle Corporation"/>
    <property name="java.home" value="C:\JDK\jre"/>
    <property name="basedir" value="C:\Users\赵智超\Desktop\houseAll\houseRent"/>
    <property name="file.separator" value="\"/>
    <property name="line.separator" value="&#10;"/>
    <property name="java.vm.specification.vendor" value="Oracle Corporation"/>
    <property name="java.specification.name" value="Java Platform API Specification"/>
    <property name="java.awt.graphicsenv" value="sun.awt.Win32GraphicsEnvironment"/>
    <property name="surefire.real.class.path" value="C:\Users\赵智超\AppData\Local\Temp\surefire8773158777715478248\surefirebooter3319619446104473097.jar"/>
    <property name="idea.version2020.1.4" value="true"/>
    <property name="sun.boot.class.path" value="C:\JDK\jre\lib\resources.jar;C:\JDK\jre\lib\rt.jar;C:\JDK\jre\lib\sunrsasign.jar;C:\JDK\jre\lib\jsse.jar;C:\JDK\jre\lib\jce.jar;C:\JDK\jre\lib\charsets.jar;C:\JDK\jre\lib\jfr.jar;C:\JDK\jre\classes"/>
    <property name="user.script" value=""/>
    <property name="sun.management.compiler" value="HotSpot 64-Bit Tiered Compilers"/>
    <property name="java.runtime.version" value="1.8.0_131-b11"/>
    <property name="user.name" value="userzzc"/>
    <property name="path.separator" value=";"/>
    <property name="os.version" value="10.0"/>
    <property name="java.endorsed.dirs" value="C:\JDK\jre\lib\endorsed"/>
    <property name="java.runtime.name" value="Java(TM) SE Runtime Environment"/>
    <property name="file.encoding" value="GBK"/>
    <property name="java.vm.name" value="Java HotSpot(TM) 64-Bit Server VM"/>
    <property name="localRepository" value="E:\apache-maven-3.8.4-bin\apache-maven-3.8.4\mvn_resp"/>
    <property name="java.vendor.url.bug" value="http://bugreport.sun.com/bugreport/"/>
    <property name="java.io.tmpdir" value="C:\Users\赵智超\AppData\Local\Temp\"/>
    <property name="java.version" value="1.8.0_131"/>
    <property name="user.dir" value="C:\Users\赵智超\Desktop\houseAll\houseRent"/>
    <property name="os.arch" value="amd64"/>
    <property name="java.vm.specification.name" value="Java Virtual Machine Specification"/>
    <property name="java.awt.printerjob" value="sun.awt.windows.WPrinterJob"/>
    <property name="sun.os.patch.level" value=""/>
    <property name="java.library.path" value="C:\JDK\jre\bin;C:\WINDOWS\Sun\Java\bin;C:\WINDOWS\system32;C:\WINDOWS;C:\Program Files (x86)\Common Files\Intel\Shared Libraries\redist\intel64\compiler;C:\WINDOWS\system32;C:\WINDOWS;C:\WINDOWS\System32\Wbem;C:\WINDOWS\System32\WindowsPowerShell\v1.0\;C:\WINDOWS\System32\OpenSSH\;C:\mysql\mysql-8.0.23-winx64\bin;C:\JDK\bin;C:\Program Files\nodejs\;&quot;E:\apache-tomcat-8.5.73-windows-x64\apache-tomcat-8.5.73\bin;&quot;;E:\apache-maven-3.8.4-bin\apache-maven-3.8.4\bin;C:\JDK\jre\bin;D:\Xshell 7\;C:\Program Files\NVIDIA Corporation\NVIDIA NvDLISR;C:\Program Files (x86)\NVIDIA Corporation\PhysX\Common;D:\Git\cmd;E:\python\Scripts\;E:\python\;C:\Program Files\MySQL\MySQL Server 8.0\bin;C:\Users\赵智超\AppData\Local\Microsoft\WindowsApps;C:\Users\赵智超\AppData\Roaming\npm;;C:\Program Files\JetBrains\PyCharm Community Edition 2021.2.2\bin;;E:\Microsoft VS Code\bin;."/>
    <property name="java.vm.info" value="mixed mode"/>
    <property name="java.vendor" value="Oracle Corporation"/>
    <property name="java.vm.version" value="25.131-b11"/>
    <property name="java.ext.dirs" value="C:\JDK\jre\lib\ext;C:\WINDOWS\Sun\Java\lib\ext"/>
    <property name="sun.io.unicode.encoding" value="UnicodeLittle"/>
    <property name="maven.repo.local" value="E:\apache-maven-3.8.4-bin\apache-maven-3.8.4\mvn_resp"/>
    <property name="java.class.version" value="52.0"/>
  </properties>
  <testcase name="contextLoads" classname="com.zzc.HouseRentApplicationTests" time="0.164"/>
</testsuite>